<?xml version="1.0" encoding="utf-8"?>
<!DOCTYPE coverage SYSTEM "http://cobertura.sourceforge.net/xml/coverage-04.dtd">
<coverage line-rate="1" branch-rate="0.5" lines-covered="583" lines-valid="583" branches-covered="32" branches-valid="64" complexity="94" version="0" timestamp="1718497480">
  <sources />
  <packages>
    <package name="Laba14Tests" line-rate="1" branch-rate="0.5" complexity="94">
      <classes>
        <class name="Laba14Tests.ProgramTests" filename="C:\Users\Миша\Desktop\Лабораторные C#\Laba14Tests\UnitTest1.cs" line-rate="1" branch-rate="0.5" complexity="94">
          <methods>
            <method name="WhereDemonstrationLINQ_FindsCarsByBrand" signature="()" line-rate="1" branch-rate="1" complexity="2">
              <lines>
                <line number="17" hits="1" branch="false" />
                <line number="18" hits="1" branch="false" />
                <line number="19" hits="1" branch="false" />
                <line number="20" hits="1" branch="false" />
                <line number="21" hits="1" branch="false" />
                <line number="22" hits="1" branch="false" />
                <line number="23" hits="1" branch="false" />
                <line number="24" hits="1" branch="false" />
                <line number="25" hits="1" branch="false" />
                <line number="27" hits="1" branch="false" />
                <line number="28" hits="1" branch="false" />
                <line number="29" hits="1" branch="false" />
                <line number="30" hits="1" branch="false" />
                <line number="31" hits="1" branch="false" />
                <line number="32" hits="1" branch="false" />
                <line number="33" hits="1" branch="false" />
                <line number="34" hits="1" branch="false" />
                <line number="35" hits="1" branch="false" />
              </lines>
            </method>
            <method name="WhereDemonstrationLINQ_FindsCarsByBrand_1" signature="()" line-rate="1" branch-rate="1" complexity="2">
              <lines>
                <line number="38" hits="1" branch="false" />
                <line number="39" hits="1" branch="false" />
                <line number="40" hits="1" branch="false" />
                <line number="41" hits="1" branch="false" />
                <line number="42" hits="1" branch="false" />
                <line number="43" hits="1" branch="false" />
                <line number="44" hits="1" branch="false" />
                <line number="45" hits="1" branch="false" />
                <line number="46" hits="1" branch="false" />
                <line number="48" hits="1" branch="false" />
                <line number="49" hits="1" branch="false" />
                <line number="50" hits="1" branch="false" />
                <line number="51" hits="1" branch="false" />
                <line number="52" hits="1" branch="false" />
                <line number="53" hits="1" branch="false" />
                <line number="54" hits="1" branch="false" />
                <line number="55" hits="1" branch="false" />
                <line number="56" hits="1" branch="false" />
              </lines>
            </method>
            <method name="WhereDemonstrationLINQPart2_FindsCarsByBrand" signature="()" line-rate="1" branch-rate="1" complexity="2">
              <lines>
                <line number="60" hits="1" branch="false" />
                <line number="61" hits="1" branch="false" />
                <line number="62" hits="1" branch="false" />
                <line number="63" hits="1" branch="false" />
                <line number="64" hits="1" branch="false" />
                <line number="65" hits="1" branch="false" />
                <line number="66" hits="1" branch="false" />
                <line number="68" hits="1" branch="false" />
                <line number="69" hits="1" branch="false" />
                <line number="70" hits="1" branch="false" />
                <line number="71" hits="1" branch="false" />
                <line number="72" hits="1" branch="false" />
                <line number="73" hits="1" branch="false" />
                <line number="74" hits="1" branch="false" />
                <line number="75" hits="1" branch="false" />
                <line number="76" hits="1" branch="false" />
              </lines>
            </method>
            <method name="WhereDemonstrationLINQPart2_FindsCarsByBrand_1" signature="()" line-rate="1" branch-rate="1" complexity="2">
              <lines>
                <line number="80" hits="1" branch="false" />
                <line number="81" hits="1" branch="false" />
                <line number="82" hits="1" branch="false" />
                <line number="83" hits="1" branch="false" />
                <line number="84" hits="1" branch="false" />
                <line number="85" hits="1" branch="false" />
                <line number="86" hits="1" branch="false" />
                <line number="88" hits="1" branch="false" />
                <line number="89" hits="1" branch="false" />
                <line number="90" hits="1" branch="false" />
                <line number="91" hits="1" branch="false" />
                <line number="92" hits="1" branch="false" />
                <line number="93" hits="1" branch="false" />
                <line number="94" hits="1" branch="false" />
                <line number="95" hits="1" branch="false" />
                <line number="96" hits="1" branch="false" />
              </lines>
            </method>
            <method name="WhereDemonstrationExtension_FindsCarsByBrand" signature="()" line-rate="1" branch-rate="1" complexity="2">
              <lines>
                <line number="100" hits="1" branch="false" />
                <line number="101" hits="1" branch="false" />
                <line number="102" hits="1" branch="false" />
                <line number="103" hits="1" branch="false" />
                <line number="104" hits="1" branch="false" />
                <line number="105" hits="1" branch="false" />
                <line number="106" hits="1" branch="false" />
                <line number="107" hits="1" branch="false" />
                <line number="108" hits="1" branch="false" />
                <line number="110" hits="1" branch="false" />
                <line number="111" hits="1" branch="false" />
                <line number="112" hits="1" branch="false" />
                <line number="113" hits="1" branch="false" />
                <line number="114" hits="1" branch="false" />
                <line number="115" hits="1" branch="false" />
                <line number="116" hits="1" branch="false" />
                <line number="117" hits="1" branch="false" />
                <line number="118" hits="1" branch="false" />
              </lines>
            </method>
            <method name="WhereDemonstrationExtension_FindsCarsByBrand_1" signature="()" line-rate="1" branch-rate="1" complexity="2">
              <lines>
                <line number="122" hits="1" branch="false" />
                <line number="123" hits="1" branch="false" />
                <line number="124" hits="1" branch="false" />
                <line number="125" hits="1" branch="false" />
                <line number="126" hits="1" branch="false" />
                <line number="127" hits="1" branch="false" />
                <line number="128" hits="1" branch="false" />
                <line number="129" hits="1" branch="false" />
                <line number="130" hits="1" branch="false" />
                <line number="132" hits="1" branch="false" />
                <line number="133" hits="1" branch="false" />
                <line number="134" hits="1" branch="false" />
                <line number="135" hits="1" branch="false" />
                <line number="136" hits="1" branch="false" />
                <line number="137" hits="1" branch="false" />
                <line number="138" hits="1" branch="false" />
                <line number="139" hits="1" branch="false" />
                <line number="140" hits="1" branch="false" />
              </lines>
            </method>
            <method name="WhereDemonstrationExtensionPart2_FindsCarsByBrand" signature="()" line-rate="1" branch-rate="1" complexity="2">
              <lines>
                <line number="143" hits="1" branch="false" />
                <line number="144" hits="1" branch="false" />
                <line number="145" hits="1" branch="false" />
                <line number="146" hits="1" branch="false" />
                <line number="147" hits="1" branch="false" />
                <line number="148" hits="1" branch="false" />
                <line number="149" hits="1" branch="false" />
                <line number="151" hits="1" branch="false" />
                <line number="152" hits="1" branch="false" />
                <line number="153" hits="1" branch="false" />
                <line number="154" hits="1" branch="false" />
                <line number="155" hits="1" branch="false" />
                <line number="156" hits="1" branch="false" />
                <line number="157" hits="1" branch="false" />
                <line number="158" hits="1" branch="false" />
                <line number="159" hits="1" branch="false" />
              </lines>
            </method>
            <method name="WhereDemonstrationExtensionPart2_FindsCarsByBrand_1" signature="()" line-rate="1" branch-rate="1" complexity="2">
              <lines>
                <line number="162" hits="1" branch="false" />
                <line number="163" hits="1" branch="false" />
                <line number="164" hits="1" branch="false" />
                <line number="165" hits="1" branch="false" />
                <line number="166" hits="1" branch="false" />
                <line number="167" hits="1" branch="false" />
                <line number="168" hits="1" branch="false" />
                <line number="170" hits="1" branch="false" />
                <line number="171" hits="1" branch="false" />
                <line number="172" hits="1" branch="false" />
                <line number="173" hits="1" branch="false" />
                <line number="174" hits="1" branch="false" />
                <line number="175" hits="1" branch="false" />
                <line number="176" hits="1" branch="false" />
                <line number="177" hits="1" branch="false" />
                <line number="178" hits="1" branch="false" />
              </lines>
            </method>
            <method name="MaxDemonstrationLINQ_FindsMaxCostCar" signature="()" line-rate="1" branch-rate="1" complexity="2">
              <lines>
                <line number="181" hits="1" branch="false" />
                <line number="182" hits="1" branch="false" />
                <line number="183" hits="1" branch="false" />
                <line number="184" hits="1" branch="false" />
                <line number="185" hits="1" branch="false" />
                <line number="186" hits="1" branch="false" />
                <line number="187" hits="1" branch="false" />
                <line number="188" hits="1" branch="false" />
                <line number="189" hits="1" branch="false" />
                <line number="191" hits="1" branch="false" />
                <line number="192" hits="1" branch="false" />
                <line number="193" hits="1" branch="false" />
                <line number="194" hits="1" branch="false" />
                <line number="195" hits="1" branch="false" />
                <line number="196" hits="1" branch="false" />
                <line number="197" hits="1" branch="false" />
                <line number="198" hits="1" branch="false" />
                <line number="199" hits="1" branch="false" />
              </lines>
            </method>
            <method name="MaxDemonstrationExtension_FindsMaxCostCar" signature="()" line-rate="1" branch-rate="1" complexity="2">
              <lines>
                <line number="203" hits="1" branch="false" />
                <line number="204" hits="1" branch="false" />
                <line number="205" hits="1" branch="false" />
                <line number="206" hits="1" branch="false" />
                <line number="207" hits="1" branch="false" />
                <line number="208" hits="1" branch="false" />
                <line number="209" hits="1" branch="false" />
                <line number="210" hits="1" branch="false" />
                <line number="211" hits="1" branch="false" />
                <line number="213" hits="1" branch="false" />
                <line number="214" hits="1" branch="false" />
                <line number="215" hits="1" branch="false" />
                <line number="216" hits="1" branch="false" />
                <line number="217" hits="1" branch="false" />
                <line number="218" hits="1" branch="false" />
                <line number="219" hits="1" branch="false" />
                <line number="220" hits="1" branch="false" />
                <line number="221" hits="1" branch="false" />
              </lines>
            </method>
            <method name="CountDemonstrationLINQPart2_CountsYellowCars" signature="()" line-rate="1" branch-rate="1" complexity="2">
              <lines>
                <line number="227" hits="1" branch="false" />
                <line number="228" hits="1" branch="false" />
                <line number="229" hits="1" branch="false" />
                <line number="230" hits="1" branch="false" />
                <line number="231" hits="1" branch="false" />
                <line number="232" hits="1" branch="false" />
                <line number="233" hits="1" branch="false" />
                <line number="235" hits="1" branch="false" />
                <line number="236" hits="1" branch="false" />
                <line number="237" hits="1" branch="false" />
                <line number="238" hits="1" branch="false" />
                <line number="239" hits="1" branch="false" />
                <line number="240" hits="1" branch="false" />
                <line number="241" hits="1" branch="false" />
                <line number="242" hits="1" branch="false" />
                <line number="243" hits="1" branch="false" />
              </lines>
            </method>
            <method name="CountDemonstrationLINQPart2_CountsYellowCars_1" signature="()" line-rate="1" branch-rate="1" complexity="2">
              <lines>
                <line number="246" hits="1" branch="false" />
                <line number="247" hits="1" branch="false" />
                <line number="248" hits="1" branch="false" />
                <line number="249" hits="1" branch="false" />
                <line number="250" hits="1" branch="false" />
                <line number="251" hits="1" branch="false" />
                <line number="252" hits="1" branch="false" />
                <line number="254" hits="1" branch="false" />
                <line number="255" hits="1" branch="false" />
                <line number="256" hits="1" branch="false" />
                <line number="257" hits="1" branch="false" />
                <line number="258" hits="1" branch="false" />
                <line number="259" hits="1" branch="false" />
                <line number="260" hits="1" branch="false" />
                <line number="261" hits="1" branch="false" />
                <line number="262" hits="1" branch="false" />
              </lines>
            </method>
            <method name="CountDemonstrationExtensionPart2_CountsYellowCars" signature="()" line-rate="1" branch-rate="1" complexity="2">
              <lines>
                <line number="265" hits="1" branch="false" />
                <line number="266" hits="1" branch="false" />
                <line number="267" hits="1" branch="false" />
                <line number="268" hits="1" branch="false" />
                <line number="269" hits="1" branch="false" />
                <line number="270" hits="1" branch="false" />
                <line number="271" hits="1" branch="false" />
                <line number="273" hits="1" branch="false" />
                <line number="274" hits="1" branch="false" />
                <line number="275" hits="1" branch="false" />
                <line number="276" hits="1" branch="false" />
                <line number="277" hits="1" branch="false" />
                <line number="278" hits="1" branch="false" />
                <line number="279" hits="1" branch="false" />
                <line number="280" hits="1" branch="false" />
                <line number="281" hits="1" branch="false" />
              </lines>
            </method>
            <method name="CountDemonstrationExtensionPart2_CountsYellowCars_1" signature="()" line-rate="1" branch-rate="1" complexity="2">
              <lines>
                <line number="284" hits="1" branch="false" />
                <line number="285" hits="1" branch="false" />
                <line number="286" hits="1" branch="false" />
                <line number="287" hits="1" branch="false" />
                <line number="288" hits="1" branch="false" />
                <line number="289" hits="1" branch="false" />
                <line number="290" hits="1" branch="false" />
                <line number="292" hits="1" branch="false" />
                <line number="293" hits="1" branch="false" />
                <line number="294" hits="1" branch="false" />
                <line number="295" hits="1" branch="false" />
                <line number="296" hits="1" branch="false" />
                <line number="297" hits="1" branch="false" />
                <line number="298" hits="1" branch="false" />
                <line number="299" hits="1" branch="false" />
                <line number="300" hits="1" branch="false" />
              </lines>
            </method>
            <method name="SumDemonstrationLINQPart2_SumsCarCosts" signature="()" line-rate="1" branch-rate="1" complexity="2">
              <lines>
                <line number="303" hits="1" branch="false" />
                <line number="304" hits="1" branch="false" />
                <line number="305" hits="1" branch="false" />
                <line number="306" hits="1" branch="false" />
                <line number="307" hits="1" branch="false" />
                <line number="308" hits="1" branch="false" />
                <line number="309" hits="1" branch="false" />
                <line number="311" hits="1" branch="false" />
                <line number="312" hits="1" branch="false" />
                <line number="313" hits="1" branch="false" />
                <line number="314" hits="1" branch="false" />
                <line number="315" hits="1" branch="false" />
                <line number="316" hits="1" branch="false" />
                <line number="317" hits="1" branch="false" />
                <line number="318" hits="1" branch="false" />
                <line number="319" hits="1" branch="false" />
              </lines>
            </method>
            <method name="SumDemonstrationExtensionPart2_SumsCarCosts" signature="()" line-rate="1" branch-rate="1" complexity="2">
              <lines>
                <line number="323" hits="1" branch="false" />
                <line number="324" hits="1" branch="false" />
                <line number="325" hits="1" branch="false" />
                <line number="326" hits="1" branch="false" />
                <line number="327" hits="1" branch="false" />
                <line number="328" hits="1" branch="false" />
                <line number="329" hits="1" branch="false" />
                <line number="331" hits="1" branch="false" />
                <line number="332" hits="1" branch="false" />
                <line number="333" hits="1" branch="false" />
                <line number="334" hits="1" branch="false" />
                <line number="335" hits="1" branch="false" />
                <line number="336" hits="1" branch="false" />
                <line number="337" hits="1" branch="false" />
                <line number="338" hits="1" branch="false" />
                <line number="339" hits="1" branch="false" />
              </lines>
            </method>
            <method name="Constructor_SetsPropertiesCorrectly" signature="()" line-rate="1" branch-rate="1" complexity="1">
              <lines>
                <line number="346" hits="1" branch="false" />
                <line number="348" hits="1" branch="false" />
                <line number="349" hits="1" branch="false" />
                <line number="350" hits="1" branch="false" />
                <line number="353" hits="1" branch="false" />
                <line number="356" hits="1" branch="false" />
                <line number="357" hits="1" branch="false" />
                <line number="358" hits="1" branch="false" />
                <line number="359" hits="1" branch="false" />
              </lines>
            </method>
            <method name="City_GetterReturnsCorrectValue" signature="()" line-rate="1" branch-rate="1" complexity="1">
              <lines>
                <line number="363" hits="1" branch="false" />
                <line number="365" hits="1" branch="false" />
                <line number="366" hits="1" branch="false" />
                <line number="369" hits="1" branch="false" />
                <line number="372" hits="1" branch="false" />
                <line number="373" hits="1" branch="false" />
              </lines>
            </method>
            <method name="Address_GetterReturnsCorrectValue" signature="()" line-rate="1" branch-rate="1" complexity="1">
              <lines>
                <line number="377" hits="1" branch="false" />
                <line number="379" hits="1" branch="false" />
                <line number="380" hits="1" branch="false" />
                <line number="383" hits="1" branch="false" />
                <line number="386" hits="1" branch="false" />
                <line number="387" hits="1" branch="false" />
              </lines>
            </method>
            <method name="Brand_GetterReturnsCorrectValue" signature="()" line-rate="1" branch-rate="1" complexity="1">
              <lines>
                <line number="391" hits="1" branch="false" />
                <line number="393" hits="1" branch="false" />
                <line number="394" hits="1" branch="false" />
                <line number="397" hits="1" branch="false" />
                <line number="400" hits="1" branch="false" />
                <line number="401" hits="1" branch="false" />
              </lines>
            </method>
            <method name="WhereDemonstrationLINQ_ShouldReturnCorrectCars" signature="()" line-rate="1" branch-rate="0.5" complexity="4">
              <lines>
                <line number="405" hits="1" branch="false" />
                <line number="407" hits="1" branch="false" />
                <line number="408" hits="1" branch="false" />
                <line number="409" hits="1" branch="false" />
                <line number="410" hits="1" branch="false" />
                <line number="411" hits="1" branch="false" />
                <line number="412" hits="1" branch="false" />
                <line number="413" hits="1" branch="false" />
                <line number="416" hits="1" branch="true" condition-coverage="50% (3/6)" />
                <line number="417" hits="6" branch="false" />
                <line number="418" hits="4" branch="false" />
                <line number="419" hits="3" branch="false" />
                <line number="422" hits="1" branch="false" />
                <line number="423" hits="1" branch="false" />
                <line number="424" hits="1" branch="false" />
              </lines>
            </method>
            <method name="WhereDemonstrationExtension_ShouldReturnCorrectCars" signature="()" line-rate="1" branch-rate="0.5" complexity="2">
              <lines>
                <line number="428" hits="1" branch="false" />
                <line number="430" hits="1" branch="false" />
                <line number="431" hits="1" branch="false" />
                <line number="432" hits="1" branch="false" />
                <line number="433" hits="1" branch="false" />
                <line number="434" hits="1" branch="false" />
                <line number="435" hits="1" branch="false" />
                <line number="436" hits="1" branch="false" />
                <line number="439" hits="1" branch="true" condition-coverage="50% (1/2)" />
                <line number="440" hits="3" branch="false" />
                <line number="441" hits="4" branch="false" />
                <line number="444" hits="1" branch="false" />
                <line number="445" hits="1" branch="false" />
                <line number="446" hits="1" branch="false" />
              </lines>
            </method>
            <method name="IntersectDemonstrationLINQ_ShouldReturnCorrectCars" signature="()" line-rate="1" branch-rate="0.5" complexity="5">
              <lines>
                <line number="450" hits="1" branch="false" />
                <line number="452" hits="1" branch="false" />
                <line number="453" hits="1" branch="false" />
                <line number="454" hits="1" branch="false" />
                <line number="455" hits="1" branch="false" />
                <line number="456" hits="1" branch="false" />
                <line number="457" hits="1" branch="false" />
                <line number="459" hits="1" branch="false" />
                <line number="460" hits="1" branch="false" />
                <line number="461" hits="1" branch="false" />
                <line number="462" hits="1" branch="false" />
                <line number="463" hits="1" branch="false" />
                <line number="464" hits="1" branch="false" />
                <line number="467" hits="1" branch="true" condition-coverage="50% (4/8)" />
                <line number="468" hits="3" branch="false" />
                <line number="469" hits="5" branch="false" />
                <line number="470" hits="3" branch="false" />
                <line number="471" hits="5" branch="false" />
                <line number="474" hits="1" branch="false" />
                <line number="475" hits="1" branch="false" />
                <line number="476" hits="1" branch="false" />
              </lines>
            </method>
            <method name="IntersectDemonstrationExtension_ShouldReturnCorrectCars" signature="()" line-rate="1" branch-rate="0.5" complexity="3">
              <lines>
                <line number="480" hits="1" branch="false" />
                <line number="482" hits="1" branch="false" />
                <line number="483" hits="1" branch="false" />
                <line number="484" hits="1" branch="false" />
                <line number="485" hits="1" branch="false" />
                <line number="486" hits="1" branch="false" />
                <line number="487" hits="1" branch="false" />
                <line number="489" hits="1" branch="false" />
                <line number="490" hits="1" branch="false" />
                <line number="491" hits="1" branch="false" />
                <line number="492" hits="1" branch="false" />
                <line number="493" hits="1" branch="false" />
                <line number="494" hits="1" branch="false" />
                <line number="497" hits="1" branch="true" condition-coverage="50% (2/4)" />
                <line number="498" hits="3" branch="false" />
                <line number="499" hits="3" branch="false" />
                <line number="502" hits="1" branch="false" />
                <line number="503" hits="1" branch="false" />
                <line number="504" hits="1" branch="false" />
              </lines>
            </method>
            <method name="MaxDemonstrationLINQ_ShouldReturnMaxCostCar" signature="()" line-rate="1" branch-rate="0.5" complexity="3">
              <lines>
                <line number="508" hits="1" branch="false" />
                <line number="510" hits="1" branch="false" />
                <line number="511" hits="1" branch="false" />
                <line number="512" hits="1" branch="false" />
                <line number="513" hits="1" branch="false" />
                <line number="514" hits="1" branch="false" />
                <line number="515" hits="1" branch="false" />
                <line number="518" hits="1" branch="true" condition-coverage="50% (2/4)" />
                <line number="519" hits="2" branch="false" />
                <line number="520" hits="3" branch="false" />
                <line number="523" hits="1" branch="false" />
                <line number="524" hits="1" branch="false" />
              </lines>
            </method>
            <method name="MaxDemonstrationExtension_ShouldReturnMaxCostCar" signature="()" line-rate="1" branch-rate="0.5" complexity="2">
              <lines>
                <line number="528" hits="1" branch="false" />
                <line number="530" hits="1" branch="false" />
                <line number="531" hits="1" branch="false" />
                <line number="532" hits="1" branch="false" />
                <line number="533" hits="1" branch="false" />
                <line number="534" hits="1" branch="false" />
                <line number="535" hits="1" branch="false" />
                <line number="538" hits="2" branch="true" condition-coverage="50% (1/2)" />
                <line number="541" hits="1" branch="false" />
                <line number="542" hits="1" branch="false" />
              </lines>
            </method>
            <method name="GroupByDemonstrationLINQ_ShouldGroupByBrand" signature="()" line-rate="1" branch-rate="0.5" complexity="7">
              <lines>
                <line number="546" hits="1" branch="false" />
                <line number="548" hits="1" branch="false" />
                <line number="549" hits="1" branch="false" />
                <line number="550" hits="1" branch="false" />
                <line number="551" hits="1" branch="false" />
                <line number="552" hits="1" branch="false" />
                <line number="553" hits="1" branch="false" />
                <line number="554" hits="1" branch="false" />
                <line number="557" hits="1" branch="true" condition-coverage="50% (4/8)" />
                <line number="558" hits="13" branch="false" />
                <line number="559" hits="19" branch="false" />
                <line number="562" hits="1" branch="false" />
                <line number="563" hits="2" branch="true" condition-coverage="50% (1/2)" />
                <line number="564" hits="3" branch="true" condition-coverage="50% (1/2)" />
                <line number="565" hits="1" branch="false" />
              </lines>
            </method>
            <method name="GroupByDemonstrationExtension_ShouldGroupByBrand" signature="()" line-rate="1" branch-rate="0.5" complexity="5">
              <lines>
                <line number="569" hits="1" branch="false" />
                <line number="571" hits="1" branch="false" />
                <line number="572" hits="1" branch="false" />
                <line number="573" hits="1" branch="false" />
                <line number="574" hits="1" branch="false" />
                <line number="575" hits="1" branch="false" />
                <line number="576" hits="1" branch="false" />
                <line number="577" hits="1" branch="false" />
                <line number="580" hits="13" branch="true" condition-coverage="50% (2/4)" />
                <line number="583" hits="1" branch="false" />
                <line number="584" hits="2" branch="true" condition-coverage="50% (1/2)" />
                <line number="585" hits="3" branch="true" condition-coverage="50% (1/2)" />
                <line number="586" hits="1" branch="false" />
              </lines>
            </method>
            <method name="JoinDemonstrationLINQ_ShouldJoinWithCustomers" signature="()" line-rate="1" branch-rate="0.5" complexity="6">
              <lines>
                <line number="590" hits="1" branch="false" />
                <line number="592" hits="1" branch="false" />
                <line number="593" hits="1" branch="false" />
                <line number="594" hits="1" branch="false" />
                <line number="595" hits="1" branch="false" />
                <line number="596" hits="1" branch="false" />
                <line number="597" hits="1" branch="false" />
                <line number="598" hits="1" branch="false" />
                <line number="599" hits="1" branch="false" />
                <line number="600" hits="1" branch="false" />
                <line number="601" hits="1" branch="false" />
                <line number="602" hits="1" branch="false" />
                <line number="605" hits="1" branch="true" condition-coverage="50% (5/10)" />
                <line number="606" hits="7" branch="false" />
                <line number="607" hits="9" branch="false" />
                <line number="608" hits="3" branch="false" />
                <line number="611" hits="1" branch="false" />
                <line number="612" hits="1" branch="false" />
                <line number="613" hits="1" branch="false" />
              </lines>
            </method>
            <method name="JoinDemonstrationExtension_ShouldJoinWithCustomers" signature="()" line-rate="1" branch-rate="0.5" complexity="5">
              <lines>
                <line number="617" hits="1" branch="false" />
                <line number="619" hits="1" branch="false" />
                <line number="620" hits="1" branch="false" />
                <line number="621" hits="1" branch="false" />
                <line number="622" hits="1" branch="false" />
                <line number="623" hits="1" branch="false" />
                <line number="624" hits="1" branch="false" />
                <line number="625" hits="1" branch="false" />
                <line number="626" hits="1" branch="false" />
                <line number="627" hits="1" branch="false" />
                <line number="628" hits="1" branch="false" />
                <line number="629" hits="1" branch="false" />
                <line number="632" hits="1" branch="true" condition-coverage="50% (4/8)" />
                <line number="633" hits="3" branch="false" />
                <line number="634" hits="9" branch="false" />
                <line number="635" hits="3" branch="false" />
                <line number="636" hits="1" branch="false" />
                <line number="639" hits="1" branch="false" />
                <line number="640" hits="1" branch="false" />
                <line number="641" hits="1" branch="false" />
              </lines>
            </method>
            <method name="IntersectDemonstrationLINQ_ShouldIntersectCorrectly" signature="()" line-rate="1" branch-rate="1" complexity="2">
              <lines>
                <line number="645" hits="1" branch="false" />
                <line number="647" hits="1" branch="false" />
                <line number="648" hits="1" branch="false" />
                <line number="649" hits="1" branch="false" />
                <line number="650" hits="1" branch="false" />
                <line number="651" hits="1" branch="false" />
                <line number="652" hits="1" branch="false" />
                <line number="654" hits="1" branch="false" />
                <line number="655" hits="1" branch="false" />
                <line number="656" hits="1" branch="false" />
                <line number="657" hits="1" branch="false" />
                <line number="658" hits="1" branch="false" />
                <line number="659" hits="1" branch="false" />
                <line number="661" hits="1" branch="false" />
                <line number="662" hits="1" branch="false" />
                <line number="663" hits="1" branch="false" />
                <line number="666" hits="1" branch="false" />
                <line number="669" hits="1" branch="false" />
                <line number="670" hits="1" branch="false" />
                <line number="671" hits="1" branch="false" />
                <line number="672" hits="1" branch="false" />
              </lines>
            </method>
            <method name="IntersectDemonstrationExtension_ShouldIntersectCorrectly" signature="()" line-rate="1" branch-rate="1" complexity="2">
              <lines>
                <line number="676" hits="1" branch="false" />
                <line number="678" hits="1" branch="false" />
                <line number="679" hits="1" branch="false" />
                <line number="680" hits="1" branch="false" />
                <line number="681" hits="1" branch="false" />
                <line number="682" hits="1" branch="false" />
                <line number="683" hits="1" branch="false" />
                <line number="685" hits="1" branch="false" />
                <line number="686" hits="1" branch="false" />
                <line number="687" hits="1" branch="false" />
                <line number="688" hits="1" branch="false" />
                <line number="689" hits="1" branch="false" />
                <line number="690" hits="1" branch="false" />
                <line number="692" hits="1" branch="false" />
                <line number="693" hits="1" branch="false" />
                <line number="694" hits="1" branch="false" />
                <line number="697" hits="1" branch="false" />
                <line number="700" hits="1" branch="false" />
                <line number="701" hits="1" branch="false" />
                <line number="702" hits="1" branch="false" />
                <line number="703" hits="1" branch="false" />
              </lines>
            </method>
            <method name="GroupByDemonstrationLINQ_ShouldGroupByBrand1" signature="()" line-rate="1" branch-rate="1" complexity="2">
              <lines>
                <line number="707" hits="1" branch="false" />
                <line number="709" hits="1" branch="false" />
                <line number="710" hits="1" branch="false" />
                <line number="711" hits="1" branch="false" />
                <line number="712" hits="1" branch="false" />
                <line number="713" hits="1" branch="false" />
                <line number="714" hits="1" branch="false" />
                <line number="715" hits="1" branch="false" />
                <line number="717" hits="1" branch="false" />
                <line number="718" hits="1" branch="false" />
                <line number="719" hits="1" branch="false" />
                <line number="722" hits="1" branch="false" />
                <line number="725" hits="1" branch="false" />
                <line number="726" hits="1" branch="false" />
                <line number="727" hits="1" branch="false" />
                <line number="728" hits="1" branch="false" />
              </lines>
            </method>
            <method name="GroupByDemonstrationExtension_ShouldGroupByBrand1" signature="()" line-rate="1" branch-rate="1" complexity="2">
              <lines>
                <line number="732" hits="1" branch="false" />
                <line number="734" hits="1" branch="false" />
                <line number="735" hits="1" branch="false" />
                <line number="736" hits="1" branch="false" />
                <line number="737" hits="1" branch="false" />
                <line number="738" hits="1" branch="false" />
                <line number="739" hits="1" branch="false" />
                <line number="740" hits="1" branch="false" />
                <line number="742" hits="1" branch="false" />
                <line number="743" hits="1" branch="false" />
                <line number="744" hits="1" branch="false" />
                <line number="747" hits="1" branch="false" />
                <line number="750" hits="1" branch="false" />
                <line number="751" hits="1" branch="false" />
                <line number="752" hits="1" branch="false" />
                <line number="753" hits="1" branch="false" />
              </lines>
            </method>
            <method name="GroupByDemonstrationLINQPart2_ShouldGroupByBrand" signature="()" line-rate="1" branch-rate="1" complexity="2">
              <lines>
                <line number="757" hits="1" branch="false" />
                <line number="759" hits="1" branch="false" />
                <line number="760" hits="1" branch="false" />
                <line number="761" hits="1" branch="false" />
                <line number="762" hits="1" branch="false" />
                <line number="764" hits="1" branch="false" />
                <line number="765" hits="1" branch="false" />
                <line number="766" hits="1" branch="false" />
                <line number="769" hits="1" branch="false" />
                <line number="772" hits="1" branch="false" />
                <line number="773" hits="1" branch="false" />
                <line number="774" hits="1" branch="false" />
                <line number="775" hits="1" branch="false" />
              </lines>
            </method>
            <method name="GroupByDemonstrationExtensionPart2_ShouldGroupByBrand" signature="()" line-rate="1" branch-rate="1" complexity="2">
              <lines>
                <line number="779" hits="1" branch="false" />
                <line number="781" hits="1" branch="false" />
                <line number="782" hits="1" branch="false" />
                <line number="783" hits="1" branch="false" />
                <line number="784" hits="1" branch="false" />
                <line number="786" hits="1" branch="false" />
                <line number="787" hits="1" branch="false" />
                <line number="788" hits="1" branch="false" />
                <line number="791" hits="1" branch="false" />
                <line number="794" hits="1" branch="false" />
                <line number="795" hits="1" branch="false" />
                <line number="796" hits="1" branch="false" />
                <line number="797" hits="1" branch="false" />
              </lines>
            </method>
            <method name="JoinDemonstrationLINQ_ShouldJoinWithCustomers__1" signature="()" line-rate="1" branch-rate="1" complexity="2">
              <lines>
                <line number="801" hits="1" branch="false" />
                <line number="803" hits="1" branch="false" />
                <line number="804" hits="1" branch="false" />
                <line number="805" hits="1" branch="false" />
                <line number="806" hits="1" branch="false" />
                <line number="807" hits="1" branch="false" />
                <line number="808" hits="1" branch="false" />
                <line number="810" hits="1" branch="false" />
                <line number="811" hits="1" branch="false" />
                <line number="812" hits="1" branch="false" />
                <line number="815" hits="1" branch="false" />
                <line number="818" hits="1" branch="false" />
                <line number="819" hits="1" branch="false" />
                <line number="820" hits="1" branch="false" />
                <line number="821" hits="1" branch="false" />
              </lines>
            </method>
            <method name="JoinDemonstrationExtension_ShouldJoinWithCustomers_1" signature="()" line-rate="1" branch-rate="1" complexity="2">
              <lines>
                <line number="825" hits="1" branch="false" />
                <line number="827" hits="1" branch="false" />
                <line number="828" hits="1" branch="false" />
                <line number="829" hits="1" branch="false" />
                <line number="830" hits="1" branch="false" />
                <line number="831" hits="1" branch="false" />
                <line number="832" hits="1" branch="false" />
                <line number="834" hits="1" branch="false" />
                <line number="835" hits="1" branch="false" />
                <line number="836" hits="1" branch="false" />
                <line number="839" hits="1" branch="false" />
                <line number="842" hits="1" branch="false" />
                <line number="843" hits="1" branch="false" />
                <line number="844" hits="1" branch="false" />
                <line number="845" hits="1" branch="false" />
              </lines>
            </method>
          </methods>
          <lines>
            <line number="17" hits="1" branch="false" />
            <line number="18" hits="1" branch="false" />
            <line number="19" hits="1" branch="false" />
            <line number="20" hits="1" branch="false" />
            <line number="21" hits="1" branch="false" />
            <line number="22" hits="1" branch="false" />
            <line number="23" hits="1" branch="false" />
            <line number="24" hits="1" branch="false" />
            <line number="25" hits="1" branch="false" />
            <line number="27" hits="1" branch="false" />
            <line number="28" hits="1" branch="false" />
            <line number="29" hits="1" branch="false" />
            <line number="30" hits="1" branch="false" />
            <line number="31" hits="1" branch="false" />
            <line number="32" hits="1" branch="false" />
            <line number="33" hits="1" branch="false" />
            <line number="34" hits="1" branch="false" />
            <line number="35" hits="1" branch="false" />
            <line number="38" hits="1" branch="false" />
            <line number="39" hits="1" branch="false" />
            <line number="40" hits="1" branch="false" />
            <line number="41" hits="1" branch="false" />
            <line number="42" hits="1" branch="false" />
            <line number="43" hits="1" branch="false" />
            <line number="44" hits="1" branch="false" />
            <line number="45" hits="1" branch="false" />
            <line number="46" hits="1" branch="false" />
            <line number="48" hits="1" branch="false" />
            <line number="49" hits="1" branch="false" />
            <line number="50" hits="1" branch="false" />
            <line number="51" hits="1" branch="false" />
            <line number="52" hits="1" branch="false" />
            <line number="53" hits="1" branch="false" />
            <line number="54" hits="1" branch="false" />
            <line number="55" hits="1" branch="false" />
            <line number="56" hits="1" branch="false" />
            <line number="60" hits="1" branch="false" />
            <line number="61" hits="1" branch="false" />
            <line number="62" hits="1" branch="false" />
            <line number="63" hits="1" branch="false" />
            <line number="64" hits="1" branch="false" />
            <line number="65" hits="1" branch="false" />
            <line number="66" hits="1" branch="false" />
            <line number="68" hits="1" branch="false" />
            <line number="69" hits="1" branch="false" />
            <line number="70" hits="1" branch="false" />
            <line number="71" hits="1" branch="false" />
            <line number="72" hits="1" branch="false" />
            <line number="73" hits="1" branch="false" />
            <line number="74" hits="1" branch="false" />
            <line number="75" hits="1" branch="false" />
            <line number="76" hits="1" branch="false" />
            <line number="80" hits="1" branch="false" />
            <line number="81" hits="1" branch="false" />
            <line number="82" hits="1" branch="false" />
            <line number="83" hits="1" branch="false" />
            <line number="84" hits="1" branch="false" />
            <line number="85" hits="1" branch="false" />
            <line number="86" hits="1" branch="false" />
            <line number="88" hits="1" branch="false" />
            <line number="89" hits="1" branch="false" />
            <line number="90" hits="1" branch="false" />
            <line number="91" hits="1" branch="false" />
            <line number="92" hits="1" branch="false" />
            <line number="93" hits="1" branch="false" />
            <line number="94" hits="1" branch="false" />
            <line number="95" hits="1" branch="false" />
            <line number="96" hits="1" branch="false" />
            <line number="100" hits="1" branch="false" />
            <line number="101" hits="1" branch="false" />
            <line number="102" hits="1" branch="false" />
            <line number="103" hits="1" branch="false" />
            <line number="104" hits="1" branch="false" />
            <line number="105" hits="1" branch="false" />
            <line number="106" hits="1" branch="false" />
            <line number="107" hits="1" branch="false" />
            <line number="108" hits="1" branch="false" />
            <line number="110" hits="1" branch="false" />
            <line number="111" hits="1" branch="false" />
            <line number="112" hits="1" branch="false" />
            <line number="113" hits="1" branch="false" />
            <line number="114" hits="1" branch="false" />
            <line number="115" hits="1" branch="false" />
            <line number="116" hits="1" branch="false" />
            <line number="117" hits="1" branch="false" />
            <line number="118" hits="1" branch="false" />
            <line number="122" hits="1" branch="false" />
            <line number="123" hits="1" branch="false" />
            <line number="124" hits="1" branch="false" />
            <line number="125" hits="1" branch="false" />
            <line number="126" hits="1" branch="false" />
            <line number="127" hits="1" branch="false" />
            <line number="128" hits="1" branch="false" />
            <line number="129" hits="1" branch="false" />
            <line number="130" hits="1" branch="false" />
            <line number="132" hits="1" branch="false" />
            <line number="133" hits="1" branch="false" />
            <line number="134" hits="1" branch="false" />
            <line number="135" hits="1" branch="false" />
            <line number="136" hits="1" branch="false" />
            <line number="137" hits="1" branch="false" />
            <line number="138" hits="1" branch="false" />
            <line number="139" hits="1" branch="false" />
            <line number="140" hits="1" branch="false" />
            <line number="143" hits="1" branch="false" />
            <line number="144" hits="1" branch="false" />
            <line number="145" hits="1" branch="false" />
            <line number="146" hits="1" branch="false" />
            <line number="147" hits="1" branch="false" />
            <line number="148" hits="1" branch="false" />
            <line number="149" hits="1" branch="false" />
            <line number="151" hits="1" branch="false" />
            <line number="152" hits="1" branch="false" />
            <line number="153" hits="1" branch="false" />
            <line number="154" hits="1" branch="false" />
            <line number="155" hits="1" branch="false" />
            <line number="156" hits="1" branch="false" />
            <line number="157" hits="1" branch="false" />
            <line number="158" hits="1" branch="false" />
            <line number="159" hits="1" branch="false" />
            <line number="162" hits="1" branch="false" />
            <line number="163" hits="1" branch="false" />
            <line number="164" hits="1" branch="false" />
            <line number="165" hits="1" branch="false" />
            <line number="166" hits="1" branch="false" />
            <line number="167" hits="1" branch="false" />
            <line number="168" hits="1" branch="false" />
            <line number="170" hits="1" branch="false" />
            <line number="171" hits="1" branch="false" />
            <line number="172" hits="1" branch="false" />
            <line number="173" hits="1" branch="false" />
            <line number="174" hits="1" branch="false" />
            <line number="175" hits="1" branch="false" />
            <line number="176" hits="1" branch="false" />
            <line number="177" hits="1" branch="false" />
            <line number="178" hits="1" branch="false" />
            <line number="181" hits="1" branch="false" />
            <line number="182" hits="1" branch="false" />
            <line number="183" hits="1" branch="false" />
            <line number="184" hits="1" branch="false" />
            <line number="185" hits="1" branch="false" />
            <line number="186" hits="1" branch="false" />
            <line number="187" hits="1" branch="false" />
            <line number="188" hits="1" branch="false" />
            <line number="189" hits="1" branch="false" />
            <line number="191" hits="1" branch="false" />
            <line number="192" hits="1" branch="false" />
            <line number="193" hits="1" branch="false" />
            <line number="194" hits="1" branch="false" />
            <line number="195" hits="1" branch="false" />
            <line number="196" hits="1" branch="false" />
            <line number="197" hits="1" branch="false" />
            <line number="198" hits="1" branch="false" />
            <line number="199" hits="1" branch="false" />
            <line number="203" hits="1" branch="false" />
            <line number="204" hits="1" branch="false" />
            <line number="205" hits="1" branch="false" />
            <line number="206" hits="1" branch="false" />
            <line number="207" hits="1" branch="false" />
            <line number="208" hits="1" branch="false" />
            <line number="209" hits="1" branch="false" />
            <line number="210" hits="1" branch="false" />
            <line number="211" hits="1" branch="false" />
            <line number="213" hits="1" branch="false" />
            <line number="214" hits="1" branch="false" />
            <line number="215" hits="1" branch="false" />
            <line number="216" hits="1" branch="false" />
            <line number="217" hits="1" branch="false" />
            <line number="218" hits="1" branch="false" />
            <line number="219" hits="1" branch="false" />
            <line number="220" hits="1" branch="false" />
            <line number="221" hits="1" branch="false" />
            <line number="227" hits="1" branch="false" />
            <line number="228" hits="1" branch="false" />
            <line number="229" hits="1" branch="false" />
            <line number="230" hits="1" branch="false" />
            <line number="231" hits="1" branch="false" />
            <line number="232" hits="1" branch="false" />
            <line number="233" hits="1" branch="false" />
            <line number="235" hits="1" branch="false" />
            <line number="236" hits="1" branch="false" />
            <line number="237" hits="1" branch="false" />
            <line number="238" hits="1" branch="false" />
            <line number="239" hits="1" branch="false" />
            <line number="240" hits="1" branch="false" />
            <line number="241" hits="1" branch="false" />
            <line number="242" hits="1" branch="false" />
            <line number="243" hits="1" branch="false" />
            <line number="246" hits="1" branch="false" />
            <line number="247" hits="1" branch="false" />
            <line number="248" hits="1" branch="false" />
            <line number="249" hits="1" branch="false" />
            <line number="250" hits="1" branch="false" />
            <line number="251" hits="1" branch="false" />
            <line number="252" hits="1" branch="false" />
            <line number="254" hits="1" branch="false" />
            <line number="255" hits="1" branch="false" />
            <line number="256" hits="1" branch="false" />
            <line number="257" hits="1" branch="false" />
            <line number="258" hits="1" branch="false" />
            <line number="259" hits="1" branch="false" />
            <line number="260" hits="1" branch="false" />
            <line number="261" hits="1" branch="false" />
            <line number="262" hits="1" branch="false" />
            <line number="265" hits="1" branch="false" />
            <line number="266" hits="1" branch="false" />
            <line number="267" hits="1" branch="false" />
            <line number="268" hits="1" branch="false" />
            <line number="269" hits="1" branch="false" />
            <line number="270" hits="1" branch="false" />
            <line number="271" hits="1" branch="false" />
            <line number="273" hits="1" branch="false" />
            <line number="274" hits="1" branch="false" />
            <line number="275" hits="1" branch="false" />
            <line number="276" hits="1" branch="false" />
            <line number="277" hits="1" branch="false" />
            <line number="278" hits="1" branch="false" />
            <line number="279" hits="1" branch="false" />
            <line number="280" hits="1" branch="false" />
            <line number="281" hits="1" branch="false" />
            <line number="284" hits="1" branch="false" />
            <line number="285" hits="1" branch="false" />
            <line number="286" hits="1" branch="false" />
            <line number="287" hits="1" branch="false" />
            <line number="288" hits="1" branch="false" />
            <line number="289" hits="1" branch="false" />
            <line number="290" hits="1" branch="false" />
            <line number="292" hits="1" branch="false" />
            <line number="293" hits="1" branch="false" />
            <line number="294" hits="1" branch="false" />
            <line number="295" hits="1" branch="false" />
            <line number="296" hits="1" branch="false" />
            <line number="297" hits="1" branch="false" />
            <line number="298" hits="1" branch="false" />
            <line number="299" hits="1" branch="false" />
            <line number="300" hits="1" branch="false" />
            <line number="303" hits="1" branch="false" />
            <line number="304" hits="1" branch="false" />
            <line number="305" hits="1" branch="false" />
            <line number="306" hits="1" branch="false" />
            <line number="307" hits="1" branch="false" />
            <line number="308" hits="1" branch="false" />
            <line number="309" hits="1" branch="false" />
            <line number="311" hits="1" branch="false" />
            <line number="312" hits="1" branch="false" />
            <line number="313" hits="1" branch="false" />
            <line number="314" hits="1" branch="false" />
            <line number="315" hits="1" branch="false" />
            <line number="316" hits="1" branch="false" />
            <line number="317" hits="1" branch="false" />
            <line number="318" hits="1" branch="false" />
            <line number="319" hits="1" branch="false" />
            <line number="323" hits="1" branch="false" />
            <line number="324" hits="1" branch="false" />
            <line number="325" hits="1" branch="false" />
            <line number="326" hits="1" branch="false" />
            <line number="327" hits="1" branch="false" />
            <line number="328" hits="1" branch="false" />
            <line number="329" hits="1" branch="false" />
            <line number="331" hits="1" branch="false" />
            <line number="332" hits="1" branch="false" />
            <line number="333" hits="1" branch="false" />
            <line number="334" hits="1" branch="false" />
            <line number="335" hits="1" branch="false" />
            <line number="336" hits="1" branch="false" />
            <line number="337" hits="1" branch="false" />
            <line number="338" hits="1" branch="false" />
            <line number="339" hits="1" branch="false" />
            <line number="346" hits="1" branch="false" />
            <line number="348" hits="1" branch="false" />
            <line number="349" hits="1" branch="false" />
            <line number="350" hits="1" branch="false" />
            <line number="353" hits="1" branch="false" />
            <line number="356" hits="1" branch="false" />
            <line number="357" hits="1" branch="false" />
            <line number="358" hits="1" branch="false" />
            <line number="359" hits="1" branch="false" />
            <line number="363" hits="1" branch="false" />
            <line number="365" hits="1" branch="false" />
            <line number="366" hits="1" branch="false" />
            <line number="369" hits="1" branch="false" />
            <line number="372" hits="1" branch="false" />
            <line number="373" hits="1" branch="false" />
            <line number="377" hits="1" branch="false" />
            <line number="379" hits="1" branch="false" />
            <line number="380" hits="1" branch="false" />
            <line number="383" hits="1" branch="false" />
            <line number="386" hits="1" branch="false" />
            <line number="387" hits="1" branch="false" />
            <line number="391" hits="1" branch="false" />
            <line number="393" hits="1" branch="false" />
            <line number="394" hits="1" branch="false" />
            <line number="397" hits="1" branch="false" />
            <line number="400" hits="1" branch="false" />
            <line number="401" hits="1" branch="false" />
            <line number="405" hits="1" branch="false" />
            <line number="407" hits="1" branch="false" />
            <line number="408" hits="1" branch="false" />
            <line number="409" hits="1" branch="false" />
            <line number="410" hits="1" branch="false" />
            <line number="411" hits="1" branch="false" />
            <line number="412" hits="1" branch="false" />
            <line number="413" hits="1" branch="false" />
            <line number="416" hits="1" branch="true" condition-coverage="50% (3/6)" />
            <line number="417" hits="6" branch="false" />
            <line number="418" hits="4" branch="false" />
            <line number="419" hits="3" branch="false" />
            <line number="422" hits="1" branch="false" />
            <line number="423" hits="1" branch="false" />
            <line number="424" hits="1" branch="false" />
            <line number="428" hits="1" branch="false" />
            <line number="430" hits="1" branch="false" />
            <line number="431" hits="1" branch="false" />
            <line number="432" hits="1" branch="false" />
            <line number="433" hits="1" branch="false" />
            <line number="434" hits="1" branch="false" />
            <line number="435" hits="1" branch="false" />
            <line number="436" hits="1" branch="false" />
            <line number="439" hits="1" branch="true" condition-coverage="50% (1/2)" />
            <line number="440" hits="3" branch="false" />
            <line number="441" hits="4" branch="false" />
            <line number="444" hits="1" branch="false" />
            <line number="445" hits="1" branch="false" />
            <line number="446" hits="1" branch="false" />
            <line number="450" hits="1" branch="false" />
            <line number="452" hits="1" branch="false" />
            <line number="453" hits="1" branch="false" />
            <line number="454" hits="1" branch="false" />
            <line number="455" hits="1" branch="false" />
            <line number="456" hits="1" branch="false" />
            <line number="457" hits="1" branch="false" />
            <line number="459" hits="1" branch="false" />
            <line number="460" hits="1" branch="false" />
            <line number="461" hits="1" branch="false" />
            <line number="462" hits="1" branch="false" />
            <line number="463" hits="1" branch="false" />
            <line number="464" hits="1" branch="false" />
            <line number="467" hits="1" branch="true" condition-coverage="50% (4/8)" />
            <line number="468" hits="3" branch="false" />
            <line number="469" hits="5" branch="false" />
            <line number="470" hits="3" branch="false" />
            <line number="471" hits="5" branch="false" />
            <line number="474" hits="1" branch="false" />
            <line number="475" hits="1" branch="false" />
            <line number="476" hits="1" branch="false" />
            <line number="480" hits="1" branch="false" />
            <line number="482" hits="1" branch="false" />
            <line number="483" hits="1" branch="false" />
            <line number="484" hits="1" branch="false" />
            <line number="485" hits="1" branch="false" />
            <line number="486" hits="1" branch="false" />
            <line number="487" hits="1" branch="false" />
            <line number="489" hits="1" branch="false" />
            <line number="490" hits="1" branch="false" />
            <line number="491" hits="1" branch="false" />
            <line number="492" hits="1" branch="false" />
            <line number="493" hits="1" branch="false" />
            <line number="494" hits="1" branch="false" />
            <line number="497" hits="1" branch="true" condition-coverage="50% (2/4)" />
            <line number="498" hits="3" branch="false" />
            <line number="499" hits="3" branch="false" />
            <line number="502" hits="1" branch="false" />
            <line number="503" hits="1" branch="false" />
            <line number="504" hits="1" branch="false" />
            <line number="508" hits="1" branch="false" />
            <line number="510" hits="1" branch="false" />
            <line number="511" hits="1" branch="false" />
            <line number="512" hits="1" branch="false" />
            <line number="513" hits="1" branch="false" />
            <line number="514" hits="1" branch="false" />
            <line number="515" hits="1" branch="false" />
            <line number="518" hits="1" branch="true" condition-coverage="50% (2/4)" />
            <line number="519" hits="2" branch="false" />
            <line number="520" hits="3" branch="false" />
            <line number="523" hits="1" branch="false" />
            <line number="524" hits="1" branch="false" />
            <line number="528" hits="1" branch="false" />
            <line number="530" hits="1" branch="false" />
            <line number="531" hits="1" branch="false" />
            <line number="532" hits="1" branch="false" />
            <line number="533" hits="1" branch="false" />
            <line number="534" hits="1" branch="false" />
            <line number="535" hits="1" branch="false" />
            <line number="538" hits="2" branch="true" condition-coverage="50% (1/2)" />
            <line number="541" hits="1" branch="false" />
            <line number="542" hits="1" branch="false" />
            <line number="546" hits="1" branch="false" />
            <line number="548" hits="1" branch="false" />
            <line number="549" hits="1" branch="false" />
            <line number="550" hits="1" branch="false" />
            <line number="551" hits="1" branch="false" />
            <line number="552" hits="1" branch="false" />
            <line number="553" hits="1" branch="false" />
            <line number="554" hits="1" branch="false" />
            <line number="557" hits="1" branch="true" condition-coverage="50% (4/8)" />
            <line number="558" hits="13" branch="false" />
            <line number="559" hits="19" branch="false" />
            <line number="562" hits="1" branch="false" />
            <line number="563" hits="2" branch="true" condition-coverage="50% (1/2)" />
            <line number="564" hits="3" branch="true" condition-coverage="50% (1/2)" />
            <line number="565" hits="1" branch="false" />
            <line number="569" hits="1" branch="false" />
            <line number="571" hits="1" branch="false" />
            <line number="572" hits="1" branch="false" />
            <line number="573" hits="1" branch="false" />
            <line number="574" hits="1" branch="false" />
            <line number="575" hits="1" branch="false" />
            <line number="576" hits="1" branch="false" />
            <line number="577" hits="1" branch="false" />
            <line number="580" hits="13" branch="true" condition-coverage="50% (2/4)" />
            <line number="583" hits="1" branch="false" />
            <line number="584" hits="2" branch="true" condition-coverage="50% (1/2)" />
            <line number="585" hits="3" branch="true" condition-coverage="50% (1/2)" />
            <line number="586" hits="1" branch="false" />
            <line number="590" hits="1" branch="false" />
            <line number="592" hits="1" branch="false" />
            <line number="593" hits="1" branch="false" />
            <line number="594" hits="1" branch="false" />
            <line number="595" hits="1" branch="false" />
            <line number="596" hits="1" branch="false" />
            <line number="597" hits="1" branch="false" />
            <line number="598" hits="1" branch="false" />
            <line number="599" hits="1" branch="false" />
            <line number="600" hits="1" branch="false" />
            <line number="601" hits="1" branch="false" />
            <line number="602" hits="1" branch="false" />
            <line number="605" hits="1" branch="true" condition-coverage="50% (5/10)" />
            <line number="606" hits="7" branch="false" />
            <line number="607" hits="9" branch="false" />
            <line number="608" hits="3" branch="false" />
            <line number="611" hits="1" branch="false" />
            <line number="612" hits="1" branch="false" />
            <line number="613" hits="1" branch="false" />
            <line number="617" hits="1" branch="false" />
            <line number="619" hits="1" branch="false" />
            <line number="620" hits="1" branch="false" />
            <line number="621" hits="1" branch="false" />
            <line number="622" hits="1" branch="false" />
            <line number="623" hits="1" branch="false" />
            <line number="624" hits="1" branch="false" />
            <line number="625" hits="1" branch="false" />
            <line number="626" hits="1" branch="false" />
            <line number="627" hits="1" branch="false" />
            <line number="628" hits="1" branch="false" />
            <line number="629" hits="1" branch="false" />
            <line number="632" hits="1" branch="true" condition-coverage="50% (4/8)" />
            <line number="633" hits="3" branch="false" />
            <line number="634" hits="9" branch="false" />
            <line number="635" hits="3" branch="false" />
            <line number="636" hits="1" branch="false" />
            <line number="639" hits="1" branch="false" />
            <line number="640" hits="1" branch="false" />
            <line number="641" hits="1" branch="false" />
            <line number="645" hits="1" branch="false" />
            <line number="647" hits="1" branch="false" />
            <line number="648" hits="1" branch="false" />
            <line number="649" hits="1" branch="false" />
            <line number="650" hits="1" branch="false" />
            <line number="651" hits="1" branch="false" />
            <line number="652" hits="1" branch="false" />
            <line number="654" hits="1" branch="false" />
            <line number="655" hits="1" branch="false" />
            <line number="656" hits="1" branch="false" />
            <line number="657" hits="1" branch="false" />
            <line number="658" hits="1" branch="false" />
            <line number="659" hits="1" branch="false" />
            <line number="661" hits="1" branch="false" />
            <line number="662" hits="1" branch="false" />
            <line number="663" hits="1" branch="false" />
            <line number="666" hits="1" branch="false" />
            <line number="669" hits="1" branch="false" />
            <line number="670" hits="1" branch="false" />
            <line number="671" hits="1" branch="false" />
            <line number="672" hits="1" branch="false" />
            <line number="676" hits="1" branch="false" />
            <line number="678" hits="1" branch="false" />
            <line number="679" hits="1" branch="false" />
            <line number="680" hits="1" branch="false" />
            <line number="681" hits="1" branch="false" />
            <line number="682" hits="1" branch="false" />
            <line number="683" hits="1" branch="false" />
            <line number="685" hits="1" branch="false" />
            <line number="686" hits="1" branch="false" />
            <line number="687" hits="1" branch="false" />
            <line number="688" hits="1" branch="false" />
            <line number="689" hits="1" branch="false" />
            <line number="690" hits="1" branch="false" />
            <line number="692" hits="1" branch="false" />
            <line number="693" hits="1" branch="false" />
            <line number="694" hits="1" branch="false" />
            <line number="697" hits="1" branch="false" />
            <line number="700" hits="1" branch="false" />
            <line number="701" hits="1" branch="false" />
            <line number="702" hits="1" branch="false" />
            <line number="703" hits="1" branch="false" />
            <line number="707" hits="1" branch="false" />
            <line number="709" hits="1" branch="false" />
            <line number="710" hits="1" branch="false" />
            <line number="711" hits="1" branch="false" />
            <line number="712" hits="1" branch="false" />
            <line number="713" hits="1" branch="false" />
            <line number="714" hits="1" branch="false" />
            <line number="715" hits="1" branch="false" />
            <line number="717" hits="1" branch="false" />
            <line number="718" hits="1" branch="false" />
            <line number="719" hits="1" branch="false" />
            <line number="722" hits="1" branch="false" />
            <line number="725" hits="1" branch="false" />
            <line number="726" hits="1" branch="false" />
            <line number="727" hits="1" branch="false" />
            <line number="728" hits="1" branch="false" />
            <line number="732" hits="1" branch="false" />
            <line number="734" hits="1" branch="false" />
            <line number="735" hits="1" branch="false" />
            <line number="736" hits="1" branch="false" />
            <line number="737" hits="1" branch="false" />
            <line number="738" hits="1" branch="false" />
            <line number="739" hits="1" branch="false" />
            <line number="740" hits="1" branch="false" />
            <line number="742" hits="1" branch="false" />
            <line number="743" hits="1" branch="false" />
            <line number="744" hits="1" branch="false" />
            <line number="747" hits="1" branch="false" />
            <line number="750" hits="1" branch="false" />
            <line number="751" hits="1" branch="false" />
            <line number="752" hits="1" branch="false" />
            <line number="753" hits="1" branch="false" />
            <line number="757" hits="1" branch="false" />
            <line number="759" hits="1" branch="false" />
            <line number="760" hits="1" branch="false" />
            <line number="761" hits="1" branch="false" />
            <line number="762" hits="1" branch="false" />
            <line number="764" hits="1" branch="false" />
            <line number="765" hits="1" branch="false" />
            <line number="766" hits="1" branch="false" />
            <line number="769" hits="1" branch="false" />
            <line number="772" hits="1" branch="false" />
            <line number="773" hits="1" branch="false" />
            <line number="774" hits="1" branch="false" />
            <line number="775" hits="1" branch="false" />
            <line number="779" hits="1" branch="false" />
            <line number="781" hits="1" branch="false" />
            <line number="782" hits="1" branch="false" />
            <line number="783" hits="1" branch="false" />
            <line number="784" hits="1" branch="false" />
            <line number="786" hits="1" branch="false" />
            <line number="787" hits="1" branch="false" />
            <line number="788" hits="1" branch="false" />
            <line number="791" hits="1" branch="false" />
            <line number="794" hits="1" branch="false" />
            <line number="795" hits="1" branch="false" />
            <line number="796" hits="1" branch="false" />
            <line number="797" hits="1" branch="false" />
            <line number="801" hits="1" branch="false" />
            <line number="803" hits="1" branch="false" />
            <line number="804" hits="1" branch="false" />
            <line number="805" hits="1" branch="false" />
            <line number="806" hits="1" branch="false" />
            <line number="807" hits="1" branch="false" />
            <line number="808" hits="1" branch="false" />
            <line number="810" hits="1" branch="false" />
            <line number="811" hits="1" branch="false" />
            <line number="812" hits="1" branch="false" />
            <line number="815" hits="1" branch="false" />
            <line number="818" hits="1" branch="false" />
            <line number="819" hits="1" branch="false" />
            <line number="820" hits="1" branch="false" />
            <line number="821" hits="1" branch="false" />
            <line number="825" hits="1" branch="false" />
            <line number="827" hits="1" branch="false" />
            <line number="828" hits="1" branch="false" />
            <line number="829" hits="1" branch="false" />
            <line number="830" hits="1" branch="false" />
            <line number="831" hits="1" branch="false" />
            <line number="832" hits="1" branch="false" />
            <line number="834" hits="1" branch="false" />
            <line number="835" hits="1" branch="false" />
            <line number="836" hits="1" branch="false" />
            <line number="839" hits="1" branch="false" />
            <line number="842" hits="1" branch="false" />
            <line number="843" hits="1" branch="false" />
            <line number="844" hits="1" branch="false" />
            <line number="845" hits="1" branch="false" />
          </lines>
        </class>
      </classes>
    </package>
  </packages>
</coverage>